<?xml version="1.0" encoding="UTF-8"?>
<testsuite name="com.bayteq.tdd.romanos.RomanNumberTest" tests="7" skipped="0" failures="0" errors="0" timestamp="2022-07-26T14:32:09" hostname="LAPTOP-TM1DHJ8L" time="0.002">
  <properties/>
  <testcase name="testZero" classname="com.bayteq.tdd.romanos.RomanNumberTest" time="0.001"/>
  <testcase name="testA" classname="com.bayteq.tdd.romanos.RomanNumberTest" time="0.0"/>
  <testcase name="testB" classname="com.bayteq.tdd.romanos.RomanNumberTest" time="0.0"/>
  <testcase name="testC" classname="com.bayteq.tdd.romanos.RomanNumberTest" time="0.0"/>
  <testcase name="testD" classname="com.bayteq.tdd.romanos.RomanNumberTest" time="0.0"/>
  <testcase name="testE" classname="com.bayteq.tdd.romanos.RomanNumberTest" time="0.0"/>
  <testcase name="testF" classname="com.bayteq.tdd.romanos.RomanNumberTest" time="0.0"/>
  <system-out><![CDATA[]]></system-out>
  <system-err><![CDATA[]]></system-err>
</testsuite>
